============================= test session starts =============================
platform win32 -- Python 3.13.14, pytest-9.1.1, pluggy-1.6.0
rootdir: C:\Users\rxy71\Documents\Codex\2026-08-30\files-pasted-by-the-user-probability
configfile: pyproject.toml
testpaths: tests
collected 1013 items

tests\integration\application\reliability\test_application_invariants.py . [  0%]
......                                                                   [  0%]
tests\integration\application\reliability\test_restore.py .............. [  2%]
............                                                             [  3%]
tests\integration\application\reliability\test_restore_runtime_state.py . [  3%]
..................                                                       [  5%]
tests\integration\application\reliability\test_startup.py .............. [  6%]
.....                                                                    [  7%]
tests\integration\application\reliability\test_stats_validation.py ..... [  7%]
..                                                                       [  7%]
tests\integration\application\test_calculate.py ........................ [ 10%]
...                                                                      [ 10%]
tests\integration\application\test_correction.py ....................... [ 12%]
.........                                                                [ 13%]
tests\integration\application\test_lifecycle.py ...................      [ 15%]
tests\integration\application\test_presentation_capabilities.py ....     [ 15%]
tests\integration\application\test_recalculate.py ..............         [ 17%]
tests\integration\application\test_recovery.py ...........               [ 18%]
tests\integration\application\test_regime_maintenance.py ............    [ 19%]
tests\integration\application\test_revision_lock.py ...................  [ 21%]
tests\integration\application\test_workflow.py ...................       [ 23%]
tests\integration\desktop\test_backup_catalog.py ...                     [ 23%]
tests\integration\desktop\test_bootstrap.py .....                        [ 23%]
tests\integration\desktop\test_compound_failure_priority.py .........    [ 24%]
tests\integration\desktop\test_confirmation_lifetime.py ................ [ 26%]
...............                                                          [ 27%]
tests\integration\desktop\test_correction_integration.py ............    [ 29%]
tests\integration\desktop\test_end_to_end.py ..                          [ 29%]
tests\integration\desktop\test_error_boundary.py ....................... [ 31%]
..                                                                       [ 31%]
tests\integration\desktop\test_recent_integration.py ......              [ 32%]
tests\integration\desktop\test_regime_integration.py ....                [ 32%]
tests\integration\desktop\test_restore_session_rebuild.py .............. [ 34%]
                                                                         [ 34%]
tests\integration\desktop\test_startup_routing.py .........              [ 35%]
tests\integration\infrastructure\test_backup.py .............            [ 36%]
tests\integration\infrastructure\test_logging.py ..                      [ 36%]
tests\integration\infrastructure\test_paths.py .                         [ 36%]
tests\integration\infrastructure\test_runtime_lock.py ..                 [ 36%]
tests\integration\infrastructure\test_sqlite_health.py ....              [ 37%]
tests\integration\persistence\test_character_constraints.py ........     [ 38%]
tests\integration\persistence\test_initialization.py .......             [ 38%]
tests\integration\persistence\test_migrations_phase4.py .......          [ 39%]
tests\integration\persistence\test_mutation_primitives.py .............. [ 40%]
.................................                                        [ 44%]
tests\integration\persistence\test_persistence.py .......                [ 44%]
tests\integration\persistence\test_regime_constraints.py ........        [ 45%]
tests\integration\persistence\test_repositories.py ..................... [ 47%]
.........                                                                [ 48%]
tests\integration\persistence\test_round_constraints.py ................ [ 50%]
...............................                                          [ 53%]
tests\integration\persistence\test_snapshot_constraints.py ............. [ 54%]
........................................................................ [ 61%]
................................                                         [ 64%]
tests\integration\persistence\test_stats_constraints.py ...........      [ 65%]
tests\integration\persistence\test_stats_rebuild.py ....                 [ 66%]
tests\integration\persistence\test_unit_of_work.py .......               [ 66%]
tests\release\test_manual_history_fixture.py .                           [ 66%]
tests\release\test_performance_100k.py .                                 [ 67%]
tests\release\test_release_artifact.py .................                 [ 68%]
tests\release\test_release_verify.py ..                                  [ 68%]
tests\ui\test_analysis_safety.py ..........                              [ 69%]
tests\ui\test_architecture_formatting.py ......                          [ 70%]
tests\ui\test_close_guard.py .......................                     [ 72%]
tests\ui\test_dpi_structure.py ..                                        [ 72%]
tests\ui\test_maintenance.py ..                                          [ 73%]
tests\ui\test_odds_combination_warning.py ............                   [ 74%]
tests\ui\test_pre_run.py ........................                        [ 76%]
tests\ui\test_recovery_ui.py ......                                      [ 77%]
tests\ui\test_startup_pages.py .........                                 [ 78%]
tests\ui\test_workflow_contract.py ........                              [ 78%]
tests\unit\core\test_ev.py .............................                 [ 81%]
tests\unit\core\test_historical.py ...................                   [ 83%]
tests\unit\core\test_subjective.py ..................................... [ 87%]
........................................................................ [ 94%]
................                                                         [ 96%]
tests\unit\core\test_validation.py ..................................... [ 99%]
...                                                                      [100%]

======================= 1013 passed in 83.55s (0:01:23) =======================
